<?xml version="1.0" encoding="UTF-8"?>
<testng-results skipped="0" failed="2" ignored="0" total="12" passed="10">
  <reporter-output>
  </reporter-output>
  <suite name="Free CRM Automation suite791671" duration-ms="228134" started-at="2018-03-09T12:07:51Z" finished-at="2018-03-09T12:11:39Z">
    <groups>
    </groups>
    <test name="Free CRM" duration-ms="228134" started-at="2018-03-09T12:07:51Z" finished-at="2018-03-09T12:11:39Z">
      <class name="com.qa.crm.testcases.ContactsPage_Test">
        <test-method status="PASS" signature="ContactsPageCheck()[pri:0, instance:com.qa.crm.testcases.ContactsPage_Test@5f341870]" name="ContactsPageCheck" is-config="true" duration-ms="17247" started-at="2018-03-09T12:08:34Z" finished-at="2018-03-09T12:08:51Z">
          <reporter-output>
          </reporter-output>
        </test-method> <!-- ContactsPageCheck -->
        <test-method status="FAIL" signature="fill_form(java.lang.String, java.lang.String, java.lang.String, java.lang.String)[pri:0, instance:com.qa.crm.testcases.ContactsPage_Test@5f341870]" name="fill_form" duration-ms="4653" started-at="2018-03-09T12:08:51Z" data-provider="get_NewContact_details" finished-at="2018-03-09T12:08:56Z">
          <params>
            <param index="0">
              <value is-null="true"/>
            </param>
            <param index="1">
              <value is-null="true"/>
            </param>
            <param index="2">
              <value is-null="true"/>
            </param>
            <param index="3">
              <value is-null="true"/>
            </param>
          </params>
          <exception class="java.lang.NullPointerException">
            <full-stacktrace>
              <![CDATA[java.lang.NullPointerException
at org.openqa.selenium.support.ui.Quotes.escape(Quotes.java:42)
at org.openqa.selenium.support.ui.Select.selectByVisibleText(Select.java:116)
at com.qa.crm.pages.ContactsPage.NewContact_form(ContactsPage.java:54)
at com.qa.crm.testcases.ContactsPage_Test.fill_form(ContactsPage_Test.java:79)
at sun.reflect.NativeMethodAccessorImpl.invoke0(Native Method)
at sun.reflect.NativeMethodAccessorImpl.invoke(Unknown Source)
at sun.reflect.DelegatingMethodAccessorImpl.invoke(Unknown Source)
at java.lang.reflect.Method.invoke(Unknown Source)
at org.testng.internal.MethodInvocationHelper.invokeMethod(MethodInvocationHelper.java:124)
at org.testng.internal.Invoker.invokeMethod(Invoker.java:580)
at org.testng.internal.Invoker.invokeTestMethod(Invoker.java:716)
at org.testng.internal.Invoker.invokeTestMethods(Invoker.java:988)
at org.testng.internal.TestMethodWorker.invokeTestMethods(TestMethodWorker.java:125)
at org.testng.internal.TestMethodWorker.run(TestMethodWorker.java:109)
at org.testng.TestRunner.privateRun(TestRunner.java:648)
at org.testng.TestRunner.run(TestRunner.java:505)
at org.testng.SuiteRunner.runTest(SuiteRunner.java:455)
at org.testng.SuiteRunner.runSequentially(SuiteRunner.java:450)
at org.testng.SuiteRunner.privateRun(SuiteRunner.java:415)
at org.testng.SuiteRunner.run(SuiteRunner.java:364)
at org.testng.SuiteRunnerWorker.runSuite(SuiteRunnerWorker.java:52)
at org.testng.SuiteRunnerWorker.run(SuiteRunnerWorker.java:84)
at org.testng.TestNG.runSuitesSequentially(TestNG.java:1208)
at org.testng.TestNG.runSuitesLocally(TestNG.java:1137)
at org.testng.TestNG.runSuites(TestNG.java:1049)
at org.testng.TestNG.run(TestNG.java:1017)
at org.testng.remote.AbstractRemoteTestNG.run(AbstractRemoteTestNG.java:114)
at org.testng.remote.RemoteTestNG.initAndRun(RemoteTestNG.java:251)
at org.testng.remote.RemoteTestNG.main(RemoteTestNG.java:77)
]]>
            </full-stacktrace>
          </exception> <!-- java.lang.NullPointerException -->
          <reporter-output>
          </reporter-output>
        </test-method> <!-- fill_form -->
        <test-method status="PASS" signature="teardown()[pri:0, instance:com.qa.crm.testcases.ContactsPage_Test@5f341870]" name="teardown" is-config="true" duration-ms="681" started-at="2018-03-09T12:08:56Z" finished-at="2018-03-09T12:08:56Z">
          <reporter-output>
          </reporter-output>
        </test-method> <!-- teardown -->
        <test-method status="PASS" signature="ContactsPageCheck()[pri:0, instance:com.qa.crm.testcases.ContactsPage_Test@5f341870]" name="ContactsPageCheck" is-config="true" duration-ms="18330" started-at="2018-03-09T12:08:56Z" finished-at="2018-03-09T12:09:15Z">
          <reporter-output>
          </reporter-output>
        </test-method> <!-- ContactsPageCheck -->
        <test-method status="PASS" signature="fill_form(java.lang.String, java.lang.String, java.lang.String, java.lang.String)[pri:0, instance:com.qa.crm.testcases.ContactsPage_Test@5f341870]" name="fill_form" duration-ms="5390" started-at="2018-03-09T12:09:15Z" data-provider="get_NewContact_details" finished-at="2018-03-09T12:09:20Z">
          <params>
            <param index="0">
              <value>
                <![CDATA[Dr.]]>
              </value>
            </param>
            <param index="1">
              <value>
                <![CDATA[Pankaj]]>
              </value>
            </param>
            <param index="2">
              <value>
                <![CDATA[Bhatt]]>
              </value>
            </param>
            <param index="3">
              <value>
                <![CDATA[Herbika]]>
              </value>
            </param>
          </params>
          <reporter-output>
          </reporter-output>
        </test-method> <!-- fill_form -->
        <test-method status="PASS" signature="teardown()[pri:0, instance:com.qa.crm.testcases.ContactsPage_Test@5f341870]" name="teardown" is-config="true" duration-ms="694" started-at="2018-03-09T12:09:20Z" finished-at="2018-03-09T12:09:21Z">
          <reporter-output>
          </reporter-output>
        </test-method> <!-- teardown -->
        <test-method status="PASS" signature="ContactsPageCheck()[pri:0, instance:com.qa.crm.testcases.ContactsPage_Test@5f341870]" name="ContactsPageCheck" is-config="true" duration-ms="20000" started-at="2018-03-09T12:09:21Z" finished-at="2018-03-09T12:09:41Z">
          <reporter-output>
          </reporter-output>
        </test-method> <!-- ContactsPageCheck -->
        <test-method status="PASS" signature="fill_form(java.lang.String, java.lang.String, java.lang.String, java.lang.String)[pri:0, instance:com.qa.crm.testcases.ContactsPage_Test@5f341870]" name="fill_form" duration-ms="4994" started-at="2018-03-09T12:09:41Z" data-provider="get_NewContact_details" finished-at="2018-03-09T12:09:46Z">
          <params>
            <param index="0">
              <value>
                <![CDATA[Mrs.]]>
              </value>
            </param>
            <param index="1">
              <value>
                <![CDATA[Atika]]>
              </value>
            </param>
            <param index="2">
              <value>
                <![CDATA[Bhatt]]>
              </value>
            </param>
            <param index="3">
              <value>
                <![CDATA[Lepide]]>
              </value>
            </param>
          </params>
          <reporter-output>
          </reporter-output>
        </test-method> <!-- fill_form -->
        <test-method status="PASS" signature="teardown()[pri:0, instance:com.qa.crm.testcases.ContactsPage_Test@5f341870]" name="teardown" is-config="true" duration-ms="692" started-at="2018-03-09T12:09:46Z" finished-at="2018-03-09T12:09:47Z">
          <reporter-output>
          </reporter-output>
        </test-method> <!-- teardown -->
        <test-method status="PASS" signature="ContactsPageCheck()[pri:0, instance:com.qa.crm.testcases.ContactsPage_Test@5f341870]" name="ContactsPageCheck" is-config="true" duration-ms="17998" started-at="2018-03-09T12:09:47Z" finished-at="2018-03-09T12:10:05Z">
          <reporter-output>
          </reporter-output>
        </test-method> <!-- ContactsPageCheck -->
        <test-method status="FAIL" signature="fill_form(java.lang.String, java.lang.String, java.lang.String, java.lang.String)[pri:0, instance:com.qa.crm.testcases.ContactsPage_Test@5f341870]" name="fill_form" duration-ms="948" started-at="2018-03-09T12:10:05Z" data-provider="get_NewContact_details" finished-at="2018-03-09T12:10:06Z">
          <params>
            <param index="0">
              <value>
                <![CDATA[Mr.]]>
              </value>
            </param>
            <param index="1">
              <value>
                <![CDATA[Ankit]]>
              </value>
            </param>
            <param index="2">
              <value>
                <![CDATA[Sharma]]>
              </value>
            </param>
            <param index="3">
              <value>
                <![CDATA[HCL]]>
              </value>
            </param>
          </params>
          <exception class="org.openqa.selenium.ElementNotVisibleException">
            <message>
              <![CDATA[element not visible
  (Session info: chrome=64.0.3282.186)
  (Driver info: chromedriver=2.34.522940 (1a76f96f66e3ca7b8e57d503b4dd3bccfba87af1),platform=Windows NT 10.0.10240 x86_64) (WARNING: The server did not provide any stacktrace information)
Command duration or timeout: 0 milliseconds
Build info: version: '3.9.1', revision: '63f7b50', time: '2018-02-07T22:25:02.294Z'
System info: host: 'NDRT37-ATIKA', ip: '192.168.10.168', os.name: 'Windows 10', os.arch: 'amd64', os.version: '10.0', java.version: '1.8.0_131'
Driver info: org.openqa.selenium.chrome.ChromeDriver
Capabilities {acceptSslCerts: true, applicationCacheEnabled: false, browserConnectionEnabled: false, browserName: chrome, chrome: {chromedriverVersion: 2.34.522940 (1a76f96f66e3ca..., userDataDir: C:\Users\WINDOW~1\AppData\L...}, cssSelectorsEnabled: true, databaseEnabled: false, handlesAlerts: true, hasTouchScreen: false, javascriptEnabled: true, locationContextEnabled: true, mobileEmulationEnabled: false, nativeEvents: true, networkConnectionEnabled: false, pageLoadStrategy: normal, platform: XP, platformName: XP, rotatable: false, setWindowRect: true, takesHeapSnapshot: true, takesScreenshot: true, unexpectedAlertBehaviour: , unhandledPromptBehavior: , version: 64.0.3282.186, webStorageEnabled: true}
Session ID: 62ce0b82b68edf87ec6799895338527d]]>
            </message>
            <full-stacktrace>
              <![CDATA[org.openqa.selenium.ElementNotVisibleException: element not visible
  (Session info: chrome=64.0.3282.186)
  (Driver info: chromedriver=2.34.522940 (1a76f96f66e3ca7b8e57d503b4dd3bccfba87af1),platform=Windows NT 10.0.10240 x86_64) (WARNING: The server did not provide any stacktrace information)
Command duration or timeout: 0 milliseconds
Build info: version: '3.9.1', revision: '63f7b50', time: '2018-02-07T22:25:02.294Z'
System info: host: 'NDRT37-ATIKA', ip: '192.168.10.168', os.name: 'Windows 10', os.arch: 'amd64', os.version: '10.0', java.version: '1.8.0_131'
Driver info: org.openqa.selenium.chrome.ChromeDriver
Capabilities {acceptSslCerts: true, applicationCacheEnabled: false, browserConnectionEnabled: false, browserName: chrome, chrome: {chromedriverVersion: 2.34.522940 (1a76f96f66e3ca..., userDataDir: C:\Users\WINDOW~1\AppData\L...}, cssSelectorsEnabled: true, databaseEnabled: false, handlesAlerts: true, hasTouchScreen: false, javascriptEnabled: true, locationContextEnabled: true, mobileEmulationEnabled: false, nativeEvents: true, networkConnectionEnabled: false, pageLoadStrategy: normal, platform: XP, platformName: XP, rotatable: false, setWindowRect: true, takesHeapSnapshot: true, takesScreenshot: true, unexpectedAlertBehaviour: , unhandledPromptBehavior: , version: 64.0.3282.186, webStorageEnabled: true}
Session ID: 62ce0b82b68edf87ec6799895338527d
at sun.reflect.NativeConstructorAccessorImpl.newInstance0(Native Method)
at sun.reflect.NativeConstructorAccessorImpl.newInstance(Unknown Source)
at sun.reflect.DelegatingConstructorAccessorImpl.newInstance(Unknown Source)
at java.lang.reflect.Constructor.newInstance(Unknown Source)
at org.openqa.selenium.remote.ErrorHandler.createThrowable(ErrorHandler.java:214)
at org.openqa.selenium.remote.ErrorHandler.throwIfResponseFailed(ErrorHandler.java:166)
at org.openqa.selenium.remote.http.JsonHttpResponseCodec.reconstructValue(JsonHttpResponseCodec.java:40)
at org.openqa.selenium.remote.http.AbstractHttpResponseCodec.decode(AbstractHttpResponseCodec.java:80)
at org.openqa.selenium.remote.http.AbstractHttpResponseCodec.decode(AbstractHttpResponseCodec.java:44)
at org.openqa.selenium.remote.HttpCommandExecutor.execute(HttpCommandExecutor.java:160)
at org.openqa.selenium.remote.service.DriverCommandExecutor.execute(DriverCommandExecutor.java:83)
at org.openqa.selenium.remote.RemoteWebDriver.execute(RemoteWebDriver.java:601)
at org.openqa.selenium.remote.RemoteWebElement.execute(RemoteWebElement.java:279)
at org.openqa.selenium.remote.RemoteWebElement.click(RemoteWebElement.java:83)
at sun.reflect.GeneratedMethodAccessor7.invoke(Unknown Source)
at sun.reflect.DelegatingMethodAccessorImpl.invoke(Unknown Source)
at java.lang.reflect.Method.invoke(Unknown Source)
at org.openqa.selenium.support.events.EventFiringWebDriver$EventFiringWebElement$1.invoke(EventFiringWebDriver.java:375)
at com.sun.proxy.$Proxy13.click(Unknown Source)
at org.openqa.selenium.support.events.EventFiringWebDriver$EventFiringWebElement.click(EventFiringWebDriver.java:388)
at sun.reflect.GeneratedMethodAccessor7.invoke(Unknown Source)
at sun.reflect.DelegatingMethodAccessorImpl.invoke(Unknown Source)
at java.lang.reflect.Method.invoke(Unknown Source)
at org.openqa.selenium.support.pagefactory.internal.LocatingElementHandler.invoke(LocatingElementHandler.java:51)
at com.sun.proxy.$Proxy12.click(Unknown Source)
at com.qa.crm.pages.HomePage.clickonNewContacts(HomePage.java:59)
at com.qa.crm.testcases.ContactsPage_Test.fill_form(ContactsPage_Test.java:75)
at sun.reflect.NativeMethodAccessorImpl.invoke0(Native Method)
at sun.reflect.NativeMethodAccessorImpl.invoke(Unknown Source)
at sun.reflect.DelegatingMethodAccessorImpl.invoke(Unknown Source)
at java.lang.reflect.Method.invoke(Unknown Source)
at org.testng.internal.MethodInvocationHelper.invokeMethod(MethodInvocationHelper.java:124)
at org.testng.internal.Invoker.invokeMethod(Invoker.java:580)
at org.testng.internal.Invoker.invokeTestMethod(Invoker.java:716)
at org.testng.internal.Invoker.invokeTestMethods(Invoker.java:988)
at org.testng.internal.TestMethodWorker.invokeTestMethods(TestMethodWorker.java:125)
at org.testng.internal.TestMethodWorker.run(TestMethodWorker.java:109)
at org.testng.TestRunner.privateRun(TestRunner.java:648)
at org.testng.TestRunner.run(TestRunner.java:505)
at org.testng.SuiteRunner.runTest(SuiteRunner.java:455)
at org.testng.SuiteRunner.runSequentially(SuiteRunner.java:450)
at org.testng.SuiteRunner.privateRun(SuiteRunner.java:415)
at org.testng.SuiteRunner.run(SuiteRunner.java:364)
at org.testng.SuiteRunnerWorker.runSuite(SuiteRunnerWorker.java:52)
at org.testng.SuiteRunnerWorker.run(SuiteRunnerWorker.java:84)
at org.testng.TestNG.runSuitesSequentially(TestNG.java:1208)
at org.testng.TestNG.runSuitesLocally(TestNG.java:1137)
at org.testng.TestNG.runSuites(TestNG.java:1049)
at org.testng.TestNG.run(TestNG.java:1017)
at org.testng.remote.AbstractRemoteTestNG.run(AbstractRemoteTestNG.java:114)
at org.testng.remote.RemoteTestNG.initAndRun(RemoteTestNG.java:251)
at org.testng.remote.RemoteTestNG.main(RemoteTestNG.java:77)
]]>
            </full-stacktrace>
          </exception> <!-- org.openqa.selenium.ElementNotVisibleException -->
          <reporter-output>
          </reporter-output>
        </test-method> <!-- fill_form -->
        <test-method status="PASS" signature="teardown()[pri:0, instance:com.qa.crm.testcases.ContactsPage_Test@5f341870]" name="teardown" is-config="true" duration-ms="671" started-at="2018-03-09T12:10:06Z" finished-at="2018-03-09T12:10:06Z">
          <reporter-output>
          </reporter-output>
        </test-method> <!-- teardown -->
        <test-method status="PASS" signature="ContactsPageCheck()[pri:0, instance:com.qa.crm.testcases.ContactsPage_Test@5f341870]" name="ContactsPageCheck" is-config="true" duration-ms="16356" started-at="2018-03-09T12:10:06Z" finished-at="2018-03-09T12:10:23Z">
          <reporter-output>
          </reporter-output>
        </test-method> <!-- ContactsPageCheck -->
        <test-method status="PASS" signature="verifyContactLabelTest()[pri:1, instance:com.qa.crm.testcases.ContactsPage_Test@5f341870]" name="verifyContactLabelTest" duration-ms="34" started-at="2018-03-09T12:10:23Z" finished-at="2018-03-09T12:10:23Z">
          <reporter-output>
          </reporter-output>
        </test-method> <!-- verifyContactLabelTest -->
        <test-method status="PASS" signature="teardown()[pri:0, instance:com.qa.crm.testcases.ContactsPage_Test@5f341870]" name="teardown" is-config="true" duration-ms="683" started-at="2018-03-09T12:10:23Z" finished-at="2018-03-09T12:10:23Z">
          <reporter-output>
          </reporter-output>
        </test-method> <!-- teardown -->
        <test-method status="PASS" signature="ContactsPageCheck()[pri:0, instance:com.qa.crm.testcases.ContactsPage_Test@5f341870]" name="ContactsPageCheck" is-config="true" duration-ms="21335" started-at="2018-03-09T12:10:39Z" finished-at="2018-03-09T12:11:01Z">
          <reporter-output>
          </reporter-output>
        </test-method> <!-- ContactsPageCheck -->
        <test-method status="PASS" signature="verifyName()[pri:2, instance:com.qa.crm.testcases.ContactsPage_Test@5f341870]" name="verifyName" duration-ms="89" started-at="2018-03-09T12:11:01Z" finished-at="2018-03-09T12:11:01Z">
          <reporter-output>
          </reporter-output>
        </test-method> <!-- verifyName -->
        <test-method status="PASS" signature="teardown()[pri:0, instance:com.qa.crm.testcases.ContactsPage_Test@5f341870]" name="teardown" is-config="true" duration-ms="660" started-at="2018-03-09T12:11:01Z" finished-at="2018-03-09T12:11:01Z">
          <reporter-output>
          </reporter-output>
        </test-method> <!-- teardown -->
      </class> <!-- com.qa.crm.testcases.ContactsPage_Test -->
      <class name="com.qa.crm.testcases.HomePage_test">
        <test-method status="PASS" signature="homepage_launch()[pri:0, instance:com.qa.crm.testcases.HomePage_test@553f17c]" name="homepage_launch" is-config="true" duration-ms="15334" started-at="2018-03-09T12:10:23Z" finished-at="2018-03-09T12:10:39Z">
          <reporter-output>
          </reporter-output>
        </test-method> <!-- homepage_launch -->
        <test-method status="PASS" signature="HomePageTitleTest()[pri:1, instance:com.qa.crm.testcases.HomePage_test@553f17c]" name="HomePageTitleTest" duration-ms="7" started-at="2018-03-09T12:10:39Z" finished-at="2018-03-09T12:10:39Z">
          <reporter-output>
          </reporter-output>
        </test-method> <!-- HomePageTitleTest -->
        <test-method status="PASS" signature="teardown()[pri:0, instance:com.qa.crm.testcases.HomePage_test@553f17c]" name="teardown" is-config="true" duration-ms="643" started-at="2018-03-09T12:10:39Z" finished-at="2018-03-09T12:10:39Z">
          <reporter-output>
          </reporter-output>
        </test-method> <!-- teardown -->
        <test-method status="PASS" signature="homepage_launch()[pri:0, instance:com.qa.crm.testcases.HomePage_test@553f17c]" name="homepage_launch" is-config="true" duration-ms="17655" started-at="2018-03-09T12:11:01Z" finished-at="2018-03-09T12:11:19Z">
          <reporter-output>
          </reporter-output>
        </test-method> <!-- homepage_launch -->
        <test-method status="PASS" signature="verifyUserNameValidity()[pri:2, instance:com.qa.crm.testcases.HomePage_test@553f17c]" name="verifyUserNameValidity" duration-ms="66" started-at="2018-03-09T12:11:19Z" finished-at="2018-03-09T12:11:19Z">
          <reporter-output>
          </reporter-output>
        </test-method> <!-- verifyUserNameValidity -->
        <test-method status="PASS" signature="teardown()[pri:0, instance:com.qa.crm.testcases.HomePage_test@553f17c]" name="teardown" is-config="true" duration-ms="647" started-at="2018-03-09T12:11:19Z" finished-at="2018-03-09T12:11:20Z">
          <reporter-output>
          </reporter-output>
        </test-method> <!-- teardown -->
        <test-method status="PASS" signature="homepage_launch()[pri:0, instance:com.qa.crm.testcases.HomePage_test@553f17c]" name="homepage_launch" is-config="true" duration-ms="18223" started-at="2018-03-09T12:11:20Z" finished-at="2018-03-09T12:11:38Z">
          <reporter-output>
          </reporter-output>
        </test-method> <!-- homepage_launch -->
        <test-method status="PASS" signature="verifyClickContacts()[pri:3, instance:com.qa.crm.testcases.HomePage_test@553f17c]" name="verifyClickContacts" duration-ms="128" started-at="2018-03-09T12:11:38Z" finished-at="2018-03-09T12:11:38Z">
          <reporter-output>
          </reporter-output>
        </test-method> <!-- verifyClickContacts -->
        <test-method status="PASS" signature="teardown()[pri:0, instance:com.qa.crm.testcases.HomePage_test@553f17c]" name="teardown" is-config="true" duration-ms="641" started-at="2018-03-09T12:11:38Z" finished-at="2018-03-09T12:11:39Z">
          <reporter-output>
          </reporter-output>
        </test-method> <!-- teardown -->
      </class> <!-- com.qa.crm.testcases.HomePage_test -->
      <class name="com.qa.crm.testcases.LoginPage_test">
        <test-method status="PASS" signature="setup()[pri:0, instance:com.qa.crm.testcases.LoginPage_test@14bf9759]" name="setup" is-config="true" duration-ms="13145" started-at="2018-03-09T12:07:51Z" finished-at="2018-03-09T12:08:04Z">
          <reporter-output>
          </reporter-output>
        </test-method> <!-- setup -->
        <test-method status="PASS" signature="validateCRMLogo()[pri:0, instance:com.qa.crm.testcases.LoginPage_test@14bf9759]" name="validateCRMLogo" duration-ms="40" started-at="2018-03-09T12:08:04Z" finished-at="2018-03-09T12:08:04Z">
          <reporter-output>
          </reporter-output>
        </test-method> <!-- validateCRMLogo -->
        <test-method status="PASS" signature="teardown()[pri:0, instance:com.qa.crm.testcases.LoginPage_test@14bf9759]" name="teardown" is-config="true" duration-ms="649" started-at="2018-03-09T12:08:04Z" finished-at="2018-03-09T12:08:04Z">
          <reporter-output>
          </reporter-output>
        </test-method> <!-- teardown -->
        <test-method status="PASS" signature="setup()[pri:0, instance:com.qa.crm.testcases.LoginPage_test@14bf9759]" name="setup" is-config="true" duration-ms="10942" started-at="2018-03-09T12:08:04Z" finished-at="2018-03-09T12:08:15Z">
          <reporter-output>
          </reporter-output>
        </test-method> <!-- setup -->
        <test-method status="PASS" signature="validateTitle()[pri:0, instance:com.qa.crm.testcases.LoginPage_test@14bf9759]" name="validateTitle" duration-ms="7" started-at="2018-03-09T12:08:15Z" finished-at="2018-03-09T12:08:15Z">
          <reporter-output>
          </reporter-output>
        </test-method> <!-- validateTitle -->
        <test-method status="PASS" signature="teardown()[pri:0, instance:com.qa.crm.testcases.LoginPage_test@14bf9759]" name="teardown" is-config="true" duration-ms="667" started-at="2018-03-09T12:08:15Z" finished-at="2018-03-09T12:08:16Z">
          <reporter-output>
          </reporter-output>
        </test-method> <!-- teardown -->
        <test-method status="PASS" signature="setup()[pri:0, instance:com.qa.crm.testcases.LoginPage_test@14bf9759]" name="setup" is-config="true" duration-ms="11204" started-at="2018-03-09T12:08:16Z" finished-at="2018-03-09T12:08:27Z">
          <reporter-output>
          </reporter-output>
        </test-method> <!-- setup -->
        <test-method status="PASS" signature="validatelogin()[pri:0, instance:com.qa.crm.testcases.LoginPage_test@14bf9759]" name="validatelogin" duration-ms="5124" started-at="2018-03-09T12:08:27Z" finished-at="2018-03-09T12:08:32Z">
          <reporter-output>
          </reporter-output>
        </test-method> <!-- validatelogin -->
        <test-method status="PASS" signature="teardown()[pri:0, instance:com.qa.crm.testcases.LoginPage_test@14bf9759]" name="teardown" is-config="true" duration-ms="641" started-at="2018-03-09T12:08:32Z" finished-at="2018-03-09T12:08:33Z">
          <reporter-output>
          </reporter-output>
        </test-method> <!-- teardown -->
      </class> <!-- com.qa.crm.testcases.LoginPage_test -->
    </test> <!-- Free CRM -->
  </suite> <!-- Free CRM Automation suite791671 -->
</testng-results>
